#
# There is insufficient memory for the Java Runtime Environment to continue.
# Native memory allocation (malloc) failed to allocate 295504 bytes for Chunk::new
# Possible reasons:
#   The system is out of physical RAM or swap space
#   In 32 bit mode, the process size limit was hit
# Possible solutions:
#   Reduce memory load on the system
#   Increase physical memory or swap space
#   Check if swap backing store is full
#   Use 64 bit Java on a 64 bit OS
#   Decrease Java heap size (-Xmx/-Xms)
#   Decrease number of Java threads
#   Decrease Java thread stack sizes (-Xss)
#   Set larger code cache with -XX:ReservedCodeCacheSize=
# This output file may be truncated or incomplete.
#
#  Out of Memory Error (allocation.cpp:390), pid=1688, tid=0x00000000000010c4
#
# JRE version: Java(TM) SE Runtime Environment (8.0_181-b13) (build 1.8.0_181-b13)
# Java VM: Java HotSpot(TM) 64-Bit Server VM (25.181-b13 mixed mode windows-amd64 compressed oops)
# Failed to write core dump. Minidumps are not enabled by default on client versions of Windows
#

---------------  T H R E A D  ---------------

Current thread (0x0000000002997000):  JavaThread "main" [_thread_in_native, id=4292, stack(0x0000000002890000,0x0000000002990000)]

Stack: [0x0000000002890000,0x0000000002990000]
[error occurred during error reporting (printing stack bounds), id 0xc0000005]

Native frames: (J=compiled Java code, j=interpreted, Vv=VM code, C=native code)

Java frames: (J=compiled Java code, j=interpreted, Vv=VM code)
J 739  java.lang.Class.forName0(Ljava/lang/String;ZLjava/lang/ClassLoader;Ljava/lang/Class;)Ljava/lang/Class; (0 bytes) @ 0x0000000002ccf287 [0x0000000002ccf200+0x87]
J 909 C1 java.lang.Class.forName(Ljava/lang/String;ZLjava/lang/ClassLoader;)Ljava/lang/Class; (53 bytes) @ 0x0000000002d1b48c [0x0000000002d1b340+0x14c]
j  sun.nio.cs.AbstractCharsetProvider.lookup(Ljava/lang/String;)Ljava/nio/charset/Charset;+86
j  sun.nio.cs.AbstractCharsetProvider.access$000(Lsun/nio/cs/AbstractCharsetProvider;Ljava/lang/String;)Ljava/nio/charset/Charset;+2
j  sun.nio.cs.AbstractCharsetProvider$1.next()Ljava/nio/charset/Charset;+25
j  sun.nio.cs.AbstractCharsetProvider$1.next()Ljava/lang/Object;+1
j  java.nio.charset.Charset.put(Ljava/util/Iterator;Ljava/util/Map;)V+10
j  java.nio.charset.Charset.access$200(Ljava/util/Iterator;Ljava/util/Map;)V+2
j  java.nio.charset.Charset$3.run()Ljava/util/SortedMap;+34
j  java.nio.charset.Charset$3.run()Ljava/lang/Object;+1
v  ~StubRoutines::call_stub
J 517  java.security.AccessController.doPrivileged(Ljava/security/PrivilegedAction;)Ljava/lang/Object; (0 bytes) @ 0x0000000002c5d5d2 [0x0000000002c5d580+0x52]
j  java.nio.charset.Charset.availableCharsets()Ljava/util/SortedMap;+7
j  org.apache.tomcat.util.buf.B2CConverter.<clinit>()V+18
v  ~StubRoutines::call_stub
j  org.apache.catalina.connector.Connector.setURIEncoding(Ljava/lang/String;)V+2
j  org.springframework.boot.web.embedded.tomcat.TomcatServletWebServerFactory.customizeConnector(Lorg/apache/catalina/connector/Connector;)V+77
j  org.springframework.boot.web.embedded.tomcat.TomcatServletWebServerFactory.getWebServer([Lorg/springframework/boot/web/servlet/ServletContextInitializer;)Lorg/springframework/boot/web/server/WebServer;+64
j  org.springframework.boot.web.servlet.context.ServletWebServerApplicationContext.createWebServer()V+36
j  org.springframework.boot.web.servlet.context.ServletWebServerApplicationContext.onRefresh()V+5
j  org.springframework.context.support.AbstractApplicationContext.refresh()V+45
j  org.springframework.boot.web.servlet.context.ServletWebServerApplicationContext.refresh()V+1
j  org.springframework.boot.SpringApplication.refresh(Lorg/springframework/context/ApplicationContext;)V+10
j  org.springframework.boot.SpringApplication.refreshContext(Lorg/springframework/context/ConfigurableApplicationContext;)V+2
j  org.springframework.boot.SpringApplication.run([Ljava/lang/String;)Lorg/springframework/context/ConfigurableApplicationContext;+118
j  org.springframework.boot.SpringApplication.run([Ljava/lang/Class;[Ljava/lang/String;)Lorg/springframework/context/ConfigurableApplicationContext;+9
j  org.springframework.boot.SpringApplication.run(Ljava/lang/Class;[Ljava/lang/String;)Lorg/springframework/context/ConfigurableApplicationContext;+9
j  com.mohamedatta.examinly.ExaminlyApplication.main([Ljava/lang/String;)V+3
v  ~StubRoutines::call_stub

---------------  P R O C E S S  ---------------

Java Threads: ( => current thread )
  0x0000000018b9d800 JavaThread "RMI TCP Accept-0" daemon [_thread_in_native, id=11300, stack(0x0000000019370000,0x0000000019470000)]
  0x0000000018b96000 JavaThread "RMI TCP Accept-51589" daemon [_thread_in_native, id=7728, stack(0x0000000019270000,0x0000000019370000)]
  0x0000000018b88800 JavaThread "RMI TCP Accept-0" daemon [_thread_in_native, id=9240, stack(0x0000000019170000,0x0000000019270000)]
  0x0000000016d8e800 JavaThread "Service Thread" daemon [_thread_blocked, id=10748, stack(0x0000000018470000,0x0000000018570000)]
  0x0000000016d33000 JavaThread "C1 CompilerThread1" daemon [_thread_blocked, id=4092, stack(0x0000000018370000,0x0000000018470000)]
  0x0000000016d2e000 JavaThread "C2 CompilerThread0" daemon [_thread_blocked, id=5380, stack(0x0000000018270000,0x0000000018370000)]
  0x0000000016d1a800 JavaThread "JDWP Command Reader" daemon [_thread_in_native, id=11260, stack(0x0000000018170000,0x0000000018270000)]
  0x0000000016d19000 JavaThread "JDWP Event Helper Thread" daemon [_thread_blocked, id=3912, stack(0x0000000018070000,0x0000000018170000)]
  0x0000000016d0c000 JavaThread "JDWP Transport Listener: dt_socket" daemon [_thread_blocked, id=2128, stack(0x0000000017f70000,0x0000000018070000)]
  0x0000000016d01800 JavaThread "Attach Listener" daemon [_thread_blocked, id=7220, stack(0x0000000017b30000,0x0000000017c30000)]
  0x0000000016cfe000 JavaThread "Signal Dispatcher" daemon [_thread_blocked, id=9380, stack(0x0000000017a30000,0x0000000017b30000)]
  0x0000000016ce8800 JavaThread "Finalizer" daemon [_thread_blocked, id=8524, stack(0x0000000017930000,0x0000000017a30000)]
  0x0000000002a85000 JavaThread "Reference Handler" daemon [_thread_blocked, id=13008, stack(0x0000000017830000,0x0000000017930000)]
=>0x0000000002997000 JavaThread "main" [_thread_in_native, id=4292, stack(0x0000000002890000,0x0000000002990000)]

Other Threads:
  0x0000000016cc6800 VMThread [stack: 0x0000000017730000,0x0000000017830000] [id=11812]
  0x0000000018ba1800 WatcherThread [stack: 0x0000000019470000,0x0000000019570000] [id=11408]

VM state:not at safepoint (normal execution)

VM Mutex/Monitor currently owned by a thread: None

Heap:
 PSYoungGen      total 102912K, used 76776K [0x00000000d9980000, 0x00000000e0a00000, 0x0000000100000000)
  eden space 94208K, 72% used [0x00000000d9980000,0x00000000ddbffbc0,0x00000000df580000)
  from space 8704K, 99% used [0x00000000dff80000,0x00000000e07fa6f0,0x00000000e0800000)
  to   space 10240K, 0% used [0x00000000df580000,0x00000000df580000,0x00000000dff80000)
 ParOldGen       total 53248K, used 7341K [0x000000008cc00000, 0x0000000090000000, 0x00000000d9980000)
  object space 53248K, 13% used [0x000000008cc00000,0x000000008d32b470,0x0000000090000000)
 Metaspace       used 27494K, capacity 28706K, committed 28928K, reserved 1075200K
  class space    used 3794K, capacity 4068K, committed 4096K, reserved 1048576K

Card table byte_map: [0x0000000011e50000,0x00000000121f0000] byte_map_base: 0x00000000119ea000

Marking Bits: (ParMarkBitMap*) 0x0000000051f12d00
 Begin Bits: [0x0000000012660000, 0x0000000014330000)
 End Bits:   [0x0000000014330000, 0x0000000016000000)

Polling page: 0x0000000000e60000

CodeCache: size=245760Kb used=6911Kb max_used=6911Kb free=238848Kb
 bounds [0x0000000002a90000, 0x0000000003150000, 0x0000000011a90000]
 total_blobs=3477 nmethods=3082 adapters=316
 compilation: enabled

Compilation events (10 events):
Event: 6.650 Thread 0x0000000016d33000 3080       1       java.util.logging.LogManager$LoggerContext::ensureDefaultLogger (70 bytes)
Event: 6.651 Thread 0x0000000016d33000 nmethod 3080 0x000000000314e3d0 code [0x000000000314e560, 0x000000000314e7a8]
Event: 6.678 Thread 0x0000000016d33000 3081       1       java.util.ResourceBundle$CacheKey::getName (5 bytes)
Event: 6.678 Thread 0x0000000016d33000 nmethod 3081 0x000000000314eb90 code [0x000000000314ece0, 0x000000000314edf0]
Event: 6.695 Thread 0x0000000016d33000 3082       1       java.util.Locale::getLanguage (8 bytes)
Event: 6.696 Thread 0x0000000016d33000 nmethod 3082 0x000000000314ee50 code [0x000000000314efa0, 0x000000000314f0b0]
Event: 6.707 Thread 0x0000000016d33000 3083       1       sun.nio.cs.AbstractCharsetProvider::put (20 bytes)
Event: 6.707 Thread 0x0000000016d33000 nmethod 3083 0x000000000314f150 code [0x000000000314f2c0, 0x000000000314f438]
Event: 6.711 Thread 0x0000000016d33000 3084       1       java.nio.charset.Charset::checkName (165 bytes)
Event: 6.712 Thread 0x0000000016d33000 nmethod 3084 0x000000000314f4d0 code [0x000000000314f680, 0x000000000314fa38]

GC Heap History (10 events):
Event: 3.259 GC heap before
{Heap before GC invocations=3 (full 0):
 PSYoungGen      total 34816K, used 34797K [0x00000000d9980000, 0x00000000ddd80000, 0x0000000100000000)
  eden space 30208K, 100% used [0x00000000d9980000,0x00000000db700000,0x00000000db700000)
  from space 4608K, 99% used [0x00000000dbb80000,0x00000000dbffb520,0x00000000dc000000)
  to   space 4608K, 0% used [0x00000000db700000,0x00000000db700000,0x00000000dbb80000)
 ParOldGen       total 79360K, used 1745K [0x000000008cc00000, 0x0000000091980000, 0x00000000d9980000)
  object space 79360K, 2% used [0x000000008cc00000,0x000000008cdb4730,0x0000000091980000)
 Metaspace       used 17962K, capacity 18472K, committed 18816K, reserved 1064960K
  class space    used 2401K, capacity 2571K, committed 2688K, reserved 1048576K
Event: 3.275 GC heap after
Heap after GC invocations=3 (full 0):
 PSYoungGen      total 34816K, used 4592K [0x00000000d9980000, 0x00000000ddd80000, 0x0000000100000000)
  eden space 30208K, 0% used [0x00000000d9980000,0x00000000d9980000,0x00000000db700000)
  from space 4608K, 99% used [0x00000000db700000,0x00000000dbb7c030,0x00000000dbb80000)
  to   space 4608K, 0% used [0x00000000dd900000,0x00000000dd900000,0x00000000ddd80000)
 ParOldGen       total 79360K, used 4335K [0x000000008cc00000, 0x0000000091980000, 0x00000000d9980000)
  object space 79360K, 5% used [0x000000008cc00000,0x000000008d03bd30,0x0000000091980000)
 Metaspace       used 17962K, capacity 18472K, committed 18816K, reserved 1064960K
  class space    used 2401K, capacity 2571K, committed 2688K, reserved 1048576K
}
Event: 3.640 GC heap before
{Heap before GC invocations=4 (full 0):
 PSYoungGen      total 34816K, used 31866K [0x00000000d9980000, 0x00000000ddd80000, 0x0000000100000000)
  eden space 30208K, 90% used [0x00000000d9980000,0x00000000db422920,0x00000000db700000)
  from space 4608K, 99% used [0x00000000db700000,0x00000000dbb7c030,0x00000000dbb80000)
  to   space 4608K, 0% used [0x00000000dd900000,0x00000000dd900000,0x00000000ddd80000)
 ParOldGen       total 79360K, used 4335K [0x000000008cc00000, 0x0000000091980000, 0x00000000d9980000)
  object space 79360K, 5% used [0x000000008cc00000,0x000000008d03bd30,0x0000000091980000)
 Metaspace       used 20681K, capacity 21204K, committed 21296K, reserved 1067008K
  class space    used 2751K, capacity 2901K, committed 2944K, reserved 1048576K
Event: 3.660 GC heap after
Heap after GC invocations=4 (full 0):
 PSYoungGen      total 65024K, used 4576K [0x00000000d9980000, 0x00000000ddd80000, 0x0000000100000000)
  eden space 60416K, 0% used [0x00000000d9980000,0x00000000d9980000,0x00000000dd480000)
  from space 4608K, 99% used [0x00000000dd900000,0x00000000ddd78020,0x00000000ddd80000)
  to   space 4608K, 0% used [0x00000000dd480000,0x00000000dd480000,0x00000000dd900000)
 ParOldGen       total 79360K, used 7124K [0x000000008cc00000, 0x0000000091980000, 0x00000000d9980000)
  object space 79360K, 8% used [0x000000008cc00000,0x000000008d2f50d0,0x0000000091980000)
 Metaspace       used 20681K, capacity 21204K, committed 21296K, reserved 1067008K
  class space    used 2751K, capacity 2901K, committed 2944K, reserved 1048576K
}
Event: 3.660 GC heap before
{Heap before GC invocations=5 (full 1):
 PSYoungGen      total 65024K, used 4576K [0x00000000d9980000, 0x00000000ddd80000, 0x0000000100000000)
  eden space 60416K, 0% used [0x00000000d9980000,0x00000000d9980000,0x00000000dd480000)
  from space 4608K, 99% used [0x00000000dd900000,0x00000000ddd78020,0x00000000ddd80000)
  to   space 4608K, 0% used [0x00000000dd480000,0x00000000dd480000,0x00000000dd900000)
 ParOldGen       total 79360K, used 7124K [0x000000008cc00000, 0x0000000091980000, 0x00000000d9980000)
  object space 79360K, 8% used [0x000000008cc00000,0x000000008d2f50d0,0x0000000091980000)
 Metaspace       used 20681K, capacity 21204K, committed 21296K, reserved 1067008K
  class space    used 2751K, capacity 2901K, committed 2944K, reserved 1048576K
Event: 3.733 GC heap after
Heap after GC invocations=5 (full 1):
 PSYoungGen      total 65024K, used 0K [0x00000000d9980000, 0x00000000ddd80000, 0x0000000100000000)
  eden space 60416K, 0% used [0x00000000d9980000,0x00000000d9980000,0x00000000dd480000)
  from space 4608K, 0% used [0x00000000dd900000,0x00000000dd900000,0x00000000ddd80000)
  to   space 4608K, 0% used [0x00000000dd480000,0x00000000dd480000,0x00000000dd900000)
 ParOldGen       total 53248K, used 7261K [0x000000008cc00000, 0x0000000090000000, 0x00000000d9980000)
  object space 53248K, 13% used [0x000000008cc00000,0x000000008d317460,0x0000000090000000)
 Metaspace       used 20681K, capacity 21204K, committed 21296K, reserved 1067008K
  class space    used 2751K, capacity 2901K, committed 2944K, reserved 1048576K
}
Event: 4.328 GC heap before
{Heap before GC invocations=6 (full 1):
 PSYoungGen      total 65024K, used 60416K [0x00000000d9980000, 0x00000000ddd80000, 0x0000000100000000)
  eden space 60416K, 100% used [0x00000000d9980000,0x00000000dd480000,0x00000000dd480000)
  from space 4608K, 0% used [0x00000000dd900000,0x00000000dd900000,0x00000000ddd80000)
  to   space 4608K, 0% used [0x00000000dd480000,0x00000000dd480000,0x00000000dd900000)
 ParOldGen       total 53248K, used 7261K [0x000000008cc00000, 0x0000000090000000, 0x00000000d9980000)
  object space 53248K, 13% used [0x000000008cc00000,0x000000008d317460,0x0000000090000000)
 Metaspace       used 21402K, capacity 22096K, committed 22272K, reserved 1069056K
  class space    used 2865K, capacity 3033K, committed 3072K, reserved 1048576K
Event: 4.340 GC heap after
Heap after GC invocations=6 (full 1):
 PSYoungGen      total 65024K, used 3779K [0x00000000d9980000, 0x00000000e0800000, 0x0000000100000000)
  eden space 60416K, 0% used [0x00000000d9980000,0x00000000d9980000,0x00000000dd480000)
  from space 4608K, 82% used [0x00000000dd480000,0x00000000dd830f18,0x00000000dd900000)
  to   space 8704K, 0% used [0x00000000dff80000,0x00000000dff80000,0x00000000e0800000)
 ParOldGen       total 53248K, used 7333K [0x000000008cc00000, 0x0000000090000000, 0x00000000d9980000)
  object space 53248K, 13% used [0x000000008cc00000,0x000000008d329470,0x0000000090000000)
 Metaspace       used 21402K, capacity 22096K, committed 22272K, reserved 1069056K
  class space    used 2865K, capacity 3033K, committed 3072K, reserved 1048576K
}
Event: 5.491 GC heap before
{Heap before GC invocations=7 (full 1):
 PSYoungGen      total 65024K, used 64195K [0x00000000d9980000, 0x00000000e0800000, 0x0000000100000000)
  eden space 60416K, 100% used [0x00000000d9980000,0x00000000dd480000,0x00000000dd480000)
  from space 4608K, 82% used [0x00000000dd480000,0x00000000dd830f18,0x00000000dd900000)
  to   space 8704K, 0% used [0x00000000dff80000,0x00000000dff80000,0x00000000e0800000)
 ParOldGen       total 53248K, used 7333K [0x000000008cc00000, 0x0000000090000000, 0x00000000d9980000)
  object space 53248K, 13% used [0x000000008cc00000,0x000000008d329470,0x0000000090000000)
 Metaspace       used 24869K, capacity 25710K, committed 25984K, reserved 1071104K
  class space    used 3401K, capacity 3630K, committed 3712K, reserved 1048576K
Event: 5.515 GC heap after
Heap after GC invocations=7 (full 1):
 PSYoungGen      total 102912K, used 8681K [0x00000000d9980000, 0x00000000e0a00000, 0x0000000100000000)
  eden space 94208K, 0% used [0x00000000d9980000,0x00000000d9980000,0x00000000df580000)
  from space 8704K, 99% used [0x00000000dff80000,0x00000000e07fa6f0,0x00000000e0800000)
  to   space 10240K, 0% used [0x00000000df580000,0x00000000df580000,0x00000000dff80000)
 ParOldGen       total 53248K, used 7341K [0x000000008cc00000, 0x0000000090000000, 0x00000000d9980000)
  object space 53248K, 13% used [0x000000008cc00000,0x000000008d32b470,0x0000000090000000)
 Metaspace       used 24869K, capacity 25710K, committed 25984K, reserved 1071104K
  class space    used 3401K, capacity 3630K, committed 3712K, reserved 1048576K
}

Deoptimization events (0 events):
No events

Classes redefined (0 events):
No events

Internal exceptions (10 events):
Event: 6.579 Thread 0x0000000002997000 Exception <a 'java/lang/ArrayIndexOutOfBoundsException'> (0x00000000dd530c88) thrown at [C:\re\workspace\8-2-build-windows-amd64-cygwin\jdk8u181\11358\hotspot\src\share\vm\runtime\sharedRuntime.cpp, line 605]
Event: 6.580 Thread 0x0000000002997000 Exception <a 'java/lang/ClassNotFoundException': org/springframework/core/OrderedCustomizer> (0x00000000dd541ee0) thrown at [C:\re\workspace\8-2-build-windows-amd64-cygwin\jdk8u181\11358\hotspot\src\share\vm\classfile\systemDictionary.cpp, line 210]
Event: 6.596 Thread 0x0000000002997000 Exception <a 'java/lang/ClassNotFoundException': java/lang/ObjectCustomizer> (0x00000000dd60e938) thrown at [C:\re\workspace\8-2-build-windows-amd64-cygwin\jdk8u181\11358\hotspot\src\share\vm\classfile\systemDictionary.cpp, line 210]
Event: 6.597 Thread 0x0000000002997000 Exception <a 'java/lang/ClassNotFoundException': org/springframework/boot/autoconfigure/web/servlet/error/ErrorMvcAutoConfigurationCustomizer> (0x00000000dd62ca10) thrown at [C:\re\workspace\8-2-build-windows-amd64-cygwin\jdk8u181\11358\hotspot\src\share\
Event: 6.598 Thread 0x0000000002997000 Exception <a 'java/lang/ClassNotFoundException': org/springframework/boot/autoconfigure/web/servlet/error/ErrorMvcAutoConfiguration$$EnhancerBySpringCGLIB$$2a0663ecCustomizer> (0x00000000dd651f88) thrown at [C:\re\workspace\8-2-build-windows-amd64-cygwin\
Event: 6.600 Thread 0x0000000002997000 Exception <a 'java/lang/ClassNotFoundException': org/springframework/context/annotation/ConfigurationClassEnhancer$EnhancedConfigurationCustomizer> (0x00000000dd677d38) thrown at [C:\re\workspace\8-2-build-windows-amd64-cygwin\jdk8u181\11358\hotspot\src\s
Event: 6.608 Thread 0x0000000002997000 Exception <a 'java/lang/ClassNotFoundException': java/lang/ObjectCustomizer> (0x00000000dd7137a8) thrown at [C:\re\workspace\8-2-build-windows-amd64-cygwin\jdk8u181\11358\hotspot\src\share\vm\classfile\systemDictionary.cpp, line 210]
Event: 6.610 Thread 0x0000000002997000 Exception <a 'java/lang/ClassNotFoundException': org/springframework/boot/autoconfigure/web/servlet/error/ErrorMvcAutoConfiguration$ErrorPageCustomizerCustomizer> (0x00000000dd735e58) thrown at [C:\re\workspace\8-2-build-windows-amd64-cygwin\jdk8u181\1135
Event: 6.612 Thread 0x0000000002997000 Exception <a 'java/lang/ClassNotFoundException': org/springframework/boot/web/server/ErrorPageRegistrarCustomizer> (0x00000000dd74e9e0) thrown at [C:\re\workspace\8-2-build-windows-amd64-cygwin\jdk8u181\11358\hotspot\src\share\vm\classfile\systemDictionar
Event: 6.613 Thread 0x0000000002997000 Exception <a 'java/lang/ClassNotFoundException': org/springframework/core/OrderedCustomizer> (0x00000000dd75e6c8) thrown at [C:\re\workspace\8-2-build-windows-amd64-cygwin\jdk8u181\11358\hotspot\src\share\vm\classfile\systemDictionary.cpp, line 210]

Events (10 events):
Event: 6.709 loading class sun/nio/cs/AbstractCharsetProvider$1 done
Event: 6.710 loading class sun/nio/cs/ext/Big5
Event: 6.710 loading class sun/nio/cs/ext/Big5 done
Event: 6.711 loading class sun/nio/cs/ext/Big5_HKSCS
Event: 6.711 loading class sun/nio/cs/ext/Big5_HKSCS done
Event: 6.712 loading class sun/nio/cs/ext/EUC_JP
Event: 6.712 loading class sun/nio/cs/ext/EUC_JP done
Event: 6.712 loading class sun/nio/cs/ext/EUC_KR
Event: 6.712 loading class sun/nio/cs/ext/EUC_KR done
Event: 6.713 loading class sun/nio/cs/ext/GB18030


Dynamic libraries:
0x00007ff6ddd60000 - 0x00007ff6ddd97000 	C:\Program Files\Java\jre1.8.0_181\bin\javaw.exe
0x00007fff66470000 - 0x00007fff66651000 	C:\Windows\SYSTEM32\ntdll.dll
0x00007fff66090000 - 0x00007fff66142000 	C:\Windows\System32\KERNEL32.DLL
0x00007fff629e0000 - 0x00007fff62c53000 	C:\Windows\System32\KERNELBASE.dll
0x00007fff64070000 - 0x00007fff64111000 	C:\Windows\System32\ADVAPI32.dll
0x00007fff65a90000 - 0x00007fff65b2e000 	C:\Windows\System32\msvcrt.dll
0x00007fff66030000 - 0x00007fff6608b000 	C:\Windows\System32\sechost.dll
0x00007fff65960000 - 0x00007fff65a84000 	C:\Windows\System32\RPCRT4.dll
0x00007fff63900000 - 0x00007fff63a90000 	C:\Windows\System32\USER32.dll
0x00007fff62ff0000 - 0x00007fff63010000 	C:\Windows\System32\win32u.dll
0x00007fff63be0000 - 0x00007fff63c08000 	C:\Windows\System32\GDI32.dll
0x00007fff62840000 - 0x00007fff629d2000 	C:\Windows\System32\gdi32full.dll
0x00007fff62f50000 - 0x00007fff62fef000 	C:\Windows\System32\msvcp_win.dll
0x00007fff63800000 - 0x00007fff638fa000 	C:\Windows\System32\ucrtbase.dll
0x00007fff55550000 - 0x00007fff557b9000 	C:\Windows\WinSxS\amd64_microsoft.windows.common-controls_6595b64144ccf1df_6.0.17134.228_none_fb4599993062b194\COMCTL32.dll
0x00007fff65d00000 - 0x00007fff66023000 	C:\Windows\System32\combase.dll
0x00007fff63780000 - 0x00007fff637fa000 	C:\Windows\System32\bcryptPrimitives.dll
0x00007fff663a0000 - 0x00007fff663cd000 	C:\Windows\System32\IMM32.DLL
0x0000000051440000 - 0x0000000051512000 	C:\Program Files\Java\jre1.8.0_181\bin\msvcr100.dll
0x00000000516f0000 - 0x0000000051f92000 	C:\Program Files\Java\jre1.8.0_181\bin\server\jvm.dll
0x00007fff65b90000 - 0x00007fff65b98000 	C:\Windows\System32\PSAPI.DLL
0x00007fff5ed50000 - 0x00007fff5ed59000 	C:\Windows\SYSTEM32\WSOCK32.dll
0x00007fff60600000 - 0x00007fff60623000 	C:\Windows\SYSTEM32\WINMM.dll
0x00007fff65850000 - 0x00007fff658bc000 	C:\Windows\System32\WS2_32.dll
0x00007fff5d900000 - 0x00007fff5d90a000 	C:\Windows\SYSTEM32\VERSION.dll
0x00007fff605d0000 - 0x00007fff605fa000 	C:\Windows\SYSTEM32\WINMMBASE.dll
0x00007fff62e50000 - 0x00007fff62e99000 	C:\Windows\System32\cfgmgr32.dll
0x0000000051600000 - 0x000000005160f000 	C:\Program Files\Java\jre1.8.0_181\bin\verify.dll
0x00000000515d0000 - 0x00000000515f9000 	C:\Program Files\Java\jre1.8.0_181\bin\java.dll
0x0000000051400000 - 0x0000000051435000 	C:\Program Files\Java\jre1.8.0_181\bin\jdwp.dll
0x00000000513f0000 - 0x00000000513f8000 	C:\Program Files\Java\jre1.8.0_181\bin\npt.dll
0x00000000515b0000 - 0x00000000515c6000 	C:\Program Files\Java\jre1.8.0_181\bin\zip.dll
0x00007fff64410000 - 0x00007fff65850000 	C:\Windows\System32\SHELL32.dll
0x00007fff66150000 - 0x00007fff661f9000 	C:\Windows\System32\shcore.dll
0x00007fff63070000 - 0x00007fff6377d000 	C:\Windows\System32\windows.storage.dll
0x00007fff663e0000 - 0x00007fff66431000 	C:\Windows\System32\shlwapi.dll
0x00007fff62810000 - 0x00007fff62821000 	C:\Windows\System32\kernel.appcore.dll
0x00007fff627f0000 - 0x00007fff6280f000 	C:\Windows\System32\profapi.dll
0x00007fff62780000 - 0x00007fff627cc000 	C:\Windows\System32\powrprof.dll
0x00007fff62830000 - 0x00007fff6283a000 	C:\Windows\System32\FLTLIB.DLL
0x00000000513e0000 - 0x00000000513e9000 	C:\Program Files\Java\jre1.8.0_181\bin\dt_socket.dll
0x00007fff60860000 - 0x00007fff60876000 	C:\Windows\system32\napinsp.dll
0x00007fff4f3d0000 - 0x00007fff4f3ea000 	C:\Windows\system32\pnrpnsp.dll
0x00007fff5ed10000 - 0x00007fff5ed29000 	C:\Windows\system32\NLAapi.dll
0x00007fff62000000 - 0x00007fff62066000 	C:\Windows\System32\mswsock.dll
0x00007fff61dc0000 - 0x00007fff61e7e000 	C:\Windows\SYSTEM32\DNSAPI.dll
0x00007fff63c10000 - 0x00007fff63c18000 	C:\Windows\System32\NSI.dll
0x00007fff61d80000 - 0x00007fff61db8000 	C:\Windows\SYSTEM32\IPHLPAPI.DLL
0x00007fff60850000 - 0x00007fff6085e000 	C:\Windows\System32\winrnr.dll
0x00007fff5ae60000 - 0x00007fff5ae75000 	C:\Windows\System32\wshbth.dll
0x00007fff59bc0000 - 0x00007fff59c32000 	C:\Windows\System32\fwpuclnt.dll
0x00007fff622e0000 - 0x00007fff62305000 	C:\Windows\SYSTEM32\bcrypt.dll
0x00007fff56f30000 - 0x00007fff56f3a000 	C:\Windows\System32\rasadhlp.dll
0x0000000051530000 - 0x000000005153d000 	C:\Program Files\Java\jre1.8.0_181\bin\management.dll
0x0000000051590000 - 0x00000000515aa000 	C:\Program Files\Java\jre1.8.0_181\bin\net.dll
0x0000000051570000 - 0x0000000051581000 	C:\Program Files\Java\jre1.8.0_181\bin\nio.dll
0x00007fff621b0000 - 0x00007fff621c7000 	C:\Windows\SYSTEM32\CRYPTSP.dll
0x00007fff61be0000 - 0x00007fff61c13000 	C:\Windows\system32\rsaenh.dll
0x00007fff626b0000 - 0x00007fff626d8000 	C:\Windows\SYSTEM32\USERENV.dll
0x00007fff621d0000 - 0x00007fff621db000 	C:\Windows\SYSTEM32\CRYPTBASE.dll
0x00007fff5ab20000 - 0x00007fff5ab36000 	C:\Windows\SYSTEM32\dhcpcsvc6.DLL
0x00007fff5ab00000 - 0x00007fff5ab1a000 	C:\Windows\SYSTEM32\dhcpcsvc.DLL

VM Arguments:
jvm_args: -agentlib:jdwp=transport=dt_socket,suspend=y,address=localhost:51590 -Dcom.sun.management.jmxremote -Dcom.sun.management.jmxremote.port=51589 -Dcom.sun.management.jmxremote.authenticate=false -Dcom.sun.management.jmxremote.ssl=false -Djava.rmi.server.hostname=localhost -Dspring.liveBeansView.mbeanDomain -Dspring.application.admin.enabled=true -Xverify:none -XX:TieredStopAtLevel=1 -Dfile.encoding=UTF-8 
java_command: com.mohamedatta.examinly.ExaminlyApplication
java_class_path (initial): C:\Program Files\Java\jre1.8.0_181\lib\resources.jar;C:\Program Files\Java\jre1.8.0_181\lib\rt.jar;C:\Program Files\Java\jre1.8.0_181\lib\jsse.jar;C:\Program Files\Java\jre1.8.0_181\lib\jce.jar;C:\Program Files\Java\jre1.8.0_181\lib\charsets.jar;C:\Program Files\Java\jre1.8.0_181\lib\jfr.jar;C:\Program Files\Java\jre1.8.0_181\lib\ext\access-bridge-64.jar;C:\Program Files\Java\jre1.8.0_181\lib\ext\cldrdata.jar;C:\Program Files\Java\jre1.8.0_181\lib\ext\dnsns.jar;C:\Program Files\Java\jre1.8.0_181\lib\ext\jaccess.jar;C:\Program Files\Java\jre1.8.0_181\lib\ext\jfxrt.jar;C:\Program Files\Java\jre1.8.0_181\lib\ext\localedata.jar;C:\Program Files\Java\jre1.8.0_181\lib\ext\nashorn.jar;C:\Program Files\Java\jre1.8.0_181\lib\ext\sunec.jar;C:\Program Files\Java\jre1.8.0_181\lib\ext\sunjce_provider.jar;C:\Program Files\Java\jre1.8.0_181\lib\ext\sunmscapi.jar;C:\Program Files\Java\jre1.8.0_181\lib\ext\sunpkcs11.jar;C:\Program Files\Java\jre1.8.0_181\lib\ext\zipfs.jar;C:\Users\Mohamed Atta\Downloads\Compressed\Examinly\Examinly\target\classes;C:\Users\Mohamed Atta\.m2\repository\org\springframework\boot\spring-boot-starter-actuator\2.0.4.RELEASE\spring-boot-starter-actuator-2.0.4.RELEASE.jar;C:\Users\Mohamed Atta\.m2\repository\org\springframework\boot\spring-boot-starter\2.0.4.RELEASE\spring-boot-starter-2.0.4.RELEASE.jar;C:\Users\Mohamed Atta\.m2\repository\org\springframework\boot\spring-boot\2.0.4.RELEASE\spring-boot-2.0.4.RELEASE.jar;C:\Users\Mohamed Atta\.m2\repository\org\springframework\boot\spring-boot-autoconfigure\2.0.4.RELEASE\spring-boot-autoconfigure-2.0.4.RELEASE.jar;C:\Users\Mohamed Atta\.m2\repository\org\springframework\boot\spring-boot-starter-logging\2.0.4.RELEASE\spring-boot-starter-logging-2.0.4.RELEASE.jar;C:\Users\Mohamed Atta\.m2\repository\ch\qos\logback\logback-classic\1.2.3\logback-classic-1.2.3.jar;C:\Users\Mohamed Atta\.m2\repository\ch\qos\logback\logback-core\1.2.3\logback-core-1.2.3.jar;C:\Users\Mohamed Atta\.m2\repos
Launcher Type: SUN_STANDARD

Environment Variables:
PATH=C:/Program Files/Java/jre1.8.0_181/bin/server;C:/Program Files/Java/jre1.8.0_181/bin;C:/Program Files/Java/jre1.8.0_181/lib/amd64;C:\Program Files (x86)\Common Files\Oracle\Java\javapath;C:\Windows\system32;C:\Windows;C:\Windows\System32\Wbem;C:\Windows\System32\WindowsPowerShell\v1.0\;C:\Windows\System32\OpenSSH\;C:\Program Files\nodejs\;C:\ProgramData\chocolatey\bin;C:\Program Files\Git\cmd;C:\Program Files\Microsoft VS Code\bin;C:\Users\Mohamed Atta\AppData\Local\Microsoft\WindowsApps;C:\Users\Mohamed Atta\AppData\Roaming\npm;E:\Programming\programming\programs\eclipse-java-photon-R-win32-x86_64\eclipse;
USERNAME=Mohamed Atta
OS=Windows_NT
PROCESSOR_IDENTIFIER=AMD64 Family 21 Model 16 Stepping 1, AuthenticAMD



---------------  S Y S T E M  ---------------

OS: Windows 10.0 , 64 bit Build 17134 (10.0.17134.1)

CPU:total 2 (initial active 2) (2 cores per cpu, 1 threads per core) family 21 model 16 stepping 1, cmov, cx8, fxsr, mmx, sse, sse2, sse3, ssse3, sse4.1, sse4.2, popcnt, avx, aes, clmul, mmxext, 3dnowpref, lzcnt, sse4a, tsc, tscinvbit, tscinv, bmi1

Memory: 4k page, physical 7549040k(1415668k free), swap 9409648k(4976k free)

vm_info: Java HotSpot(TM) 64-Bit Server VM (25.181-b13) for windows-amd64 JRE (1.8.0_181-b13), built on Jul  7 2018 04:01:33 by "java_re" with MS VC++ 10.0 (VS2010)

time: Tue Aug 21 14:04:12 2018
elapsed time: 6 seconds (0d 0h 0m 6s)

